000A = Game Number.
7D = Magic Number 1.(Int:125)
15 = Magic Number 2.
03 = Green Count.
1D = Blue Count.
22 = Red Count.
Tile #1 = 80 15 0 0 Color: Red.
Tile #2 = FD 2a 0 0 Color: Red.
Tile #3 = 7a 40 0 0 Color: Red.
Tile #4 = F7 55 0 0 Color: Red.
Tile #5 = 73 6b 0 0 Color: Blue.
Tile #6 = EF 80 0 0 Color: Green.
Tile #7 = 6e 96 0 0 Color: Red.
Tile #8 = EA AB 0 0 Color: Blue.
Tile #9 = 67 C1 0 0 Color: Blue.
Tile #10 = E4 D6 0 0 Color: Blue.
Tile #11 = 62 EC 0 0 Color: Red.
Tile #12 = DF 1 1 0 Color: Red.
Tile #13 = 5c 17 1 0 Color: Red.
Tile #14 = D9 2c 1 0 Color: Red.
Tile #15 = 56 42 1 0 Color: Red.
Tile #16 = D2 57 1 0 Color: Blue.
Tile #17 = 4e 6d 1 0 Color: Green.
Tile #18 = CD 82 1 0 Color: Red.
Tile #19 = 49 98 1 0 Color: Blue.
Tile #20 = C7 AD 1 0 Color: Red.
Tile #21 = 43 C3 1 0 Color: Blue.
Tile #22 = C1 D8 1 0 Color: Red.
Tile #23 = 3d EE 1 0 Color: Blue.
Tile #24 = BA 3 2 0 Color: Blue.
Tile #25 = 38 19 2 0 Color: Red.
Tile #26 = B5 2e 2 0 Color: Red.
Tile #27 = 32 44 2 0 Color: Red.
Tile #28 = AF 59 2 0 Color: Red.
Tile #29 = 2c 6f 2 0 Color: Red.
Tile #30 = A8 84 2 0 Color: Blue.
Tile #31 = 25 9A 2 0 Color: Blue.
Tile #32 = A2 AF 2 0 Color: Blue.
Tile #33 = 1f C5 2 0 Color: Blue.
Tile #34 = 9C DA 2 0 Color: Blue.
Tile #35 = 19 F0 2 0 Color: Blue.
Tile #36 = 96 5 3 0 Color: Blue.
Tile #37 = 14 1b 3 0 Color: Red.
Tile #38 = 91 30 3 0 Color: Red.
Tile #39 = d 46 3 0 Color: Blue.
Tile #40 = 8B 5b 3 0 Color: Red.
Tile #41 = 8 71 3 0 Color: Red.
Tile #42 = 85 86 3 0 Color: Red.
Tile #43 = 2 9C 3 0 Color: Error.
Tile #44 = 7f B1 3 0 Color: Red.
Tile #45 = FB C6 3 0 Color: Blue.
Tile #46 = 78 DC 3 0 Color: Blue.
Tile #47 = F6 F1 3 0 Color: Red.
Tile #48 = 72 7 4 0 Color: Blue.
Tile #49 = EF 1c 4 0 Color: Blue.
Tile #50 = 6c 32 4 0 Color: Blue.
Tile #51 = EA 47 4 0 Color: Red.
Tile #52 = 66 5d 4 0 Color: Blue.
Tile #53 = E2 72 4 0 Color: Green.
Tile #54 = 61 88 4 0 Color: Red.
Tile #55 = DE 9D 4 0 Color: Red.
Tile #56 = 5b B3 4 0 Color: Red.
Tile #57 = D8 C8 4 0 Color: Red.
Tile #58 = 54 DE 4 0 Color: Blue.
Tile #59 = D2 F3 4 0 Color: Red.
Tile #60 = 4f 9 5 0 Color: Red.
Tile #61 = CB 1e 5 0 Color: Blue.
Tile #62 = 48 34 5 0 Color: Blue.
Tile #63 = C6 49 5 0 Color: Red.
Tile #64 = 42 5f 5 0 Color: Blue.
Tile #65 = BF 74 5 0 Color: Blue.
Tile #66 = 3c 8A 5 0 Color: Blue.
