0002 = Game Number.
0F = Magic Number 1.(Int:15)
11 = Magic Number 2.
05 = Green Count.
1C = Blue Count.
21 = Red Count.
Tile #1 = 12 11 0 0 Color: Red.
Tile #2 = 21 22 0 0 Color: Red.
Tile #3 = 2f 33 0 0 Color: Blue.
Tile #4 = 3e 44 0 0 Color: Blue.
Tile #5 = 4d 55 0 0 Color: Blue.
Tile #6 = 5d 66 0 0 Color: Red.
Tile #7 = 6b 77 0 0 Color: Blue.
Tile #8 = 7b 88 0 0 Color: Red.
Tile #9 = 8A 99 0 0 Color: Red.
Tile #10 = 98 AA 0 0 Color: Blue.
Tile #11 = A7 BB 0 0 Color: Blue.
Tile #12 = B7 CC 0 0 Color: Red.
Tile #13 = C5 DD 0 0 Color: Blue.
Tile #14 = D5 EE 0 0 Color: Red.
Tile #15 = E3 FF 0 0 Color: Blue.
Tile #16 = F2 10 1 0 Color: Blue.
Tile #17 = 2 22 1 0 Color: Error.
Tile #18 = 10 33 1 0 Color: Blue.
Tile #19 = 20 44 1 0 Color: Red.
Tile #20 = 2f 55 1 0 Color: Red.
Tile #21 = 3e 66 1 0 Color: Red.
Tile #22 = 4d 77 1 0 Color: Red.
Tile #23 = 5c 88 1 0 Color: Red.
Tile #24 = 6b 99 1 0 Color: Red.
Tile #25 = 78 AA 1 0 Color: Green.
Tile #26 = 88 BB 1 0 Color: Blue.
Tile #27 = 97 CC 1 0 Color: Blue.
Tile #28 = A7 DD 1 0 Color: Red.
Tile #29 = B6 EE 1 0 Color: Red.
Tile #30 = C3 FF 1 0 Color: Green.
Tile #31 = D3 10 2 0 Color: Blue.
Tile #32 = E3 21 2 0 Color: Red.
Tile #33 = F1 32 2 0 Color: Blue.
Tile #34 = 0 44 2 0 Color: Error.
Tile #35 = f 55 2 0 Color: Blue.
Tile #36 = 1d 66 2 0 Color: Green.
Tile #37 = 2d 77 2 0 Color: Blue.
Tile #38 = 3d 88 2 0 Color: Red.
Tile #39 = 4b 99 2 0 Color: Blue.
Tile #40 = 5b AA 2 0 Color: Red.
Tile #41 = 6a BB 2 0 Color: Red.
Tile #42 = 78 CC 2 0 Color: Blue.
Tile #43 = 86 DD 2 0 Color: Green.
Tile #44 = 97 EE 2 0 Color: Red.
Tile #45 = A6 FF 2 0 Color: Red.
Tile #46 = B5 10 3 0 Color: Red.
Tile #47 = C3 21 3 0 Color: Blue.
Tile #48 = D2 32 3 0 Color: Blue.
Tile #49 = E2 43 3 0 Color: Red.
Tile #50 = F0 54 3 0 Color: Blue.
Tile #51 = 0 66 3 0 Color: Error.
Tile #52 = e 77 3 0 Color: Blue.
Tile #53 = 1e 88 3 0 Color: Red.
Tile #54 = 2c 99 3 0 Color: Blue.
Tile #55 = 3b AA 3 0 Color: Blue.
Tile #56 = 4b BB 3 0 Color: Red.
Tile #57 = 5a CC 3 0 Color: Red.
Tile #58 = 69 DD 3 0 Color: Red.
Tile #59 = 77 EE 3 0 Color: Blue.
Tile #60 = 87 FF 3 0 Color: Red.
Tile #61 = 96 10 4 0 Color: Red.
Tile #62 = A5 21 4 0 Color: Red.
Tile #63 = B3 32 4 0 Color: Blue.
Tile #64 = C1 43 4 0 Color: Green.
Tile #65 = D1 54 4 0 Color: Blue.
Tile #66 = E1 65 4 0 Color: Red.
