0004 = Game Number.
37 = Magic Number 1.(Int:55)
07 = Magic Number 2.
01 = Green Count.
26 = Blue Count.
1B = Red Count.
Tile #1 = 39 7 0 0 Color: Blue.
Tile #2 = 71 e 0 0 Color: Red.
Tile #3 = A7 15 0 0 Color: Blue.
Tile #4 = DE 1c 0 0 Color: Blue.
Tile #5 = 15 24 0 0 Color: Blue.
Tile #6 = 4d 2b 0 0 Color: Red.
Tile #7 = 83 32 0 0 Color: Blue.
Tile #8 = BB 39 0 0 Color: Red.
Tile #9 = F2 40 0 0 Color: Red.
Tile #10 = 29 48 0 0 Color: Red.
Tile #11 = 5f 4f 0 0 Color: Blue.
Tile #12 = 97 56 0 0 Color: Red.
Tile #13 = CD 5d 0 0 Color: Blue.
Tile #14 = 4 65 0 0 Color: Blue.
Tile #15 = 3c 6c 0 0 Color: Red.
Tile #16 = 72 73 0 0 Color: Blue.
Tile #17 = A9 7a 0 0 Color: Blue.
Tile #18 = E0 81 0 0 Color: Blue.
Tile #19 = 17 89 0 0 Color: Blue.
Tile #20 = 4e 90 0 0 Color: Blue.
Tile #21 = 86 97 0 0 Color: Red.
Tile #22 = BC 9E 0 0 Color: Blue.
Tile #23 = F3 A5 0 0 Color: Blue.
Tile #24 = 2a AD 0 0 Color: Blue.
Tile #25 = 62 B4 0 0 Color: Red.
Tile #26 = 98 BB 0 0 Color: Blue.
Tile #27 = CF C2 0 0 Color: Blue.
Tile #28 = 7 CA 0 0 Color: Red.
Tile #29 = 3e D1 0 0 Color: Red.
Tile #30 = 74 D8 0 0 Color: Blue.
Tile #31 = AC DF 0 0 Color: Red.
Tile #32 = E2 E6 0 0 Color: Blue.
Tile #33 = 19 EE 0 0 Color: Blue.
Tile #34 = 51 F5 0 0 Color: Red.
Tile #35 = 88 FC 0 0 Color: Red.
Tile #36 = BE 3 1 0 Color: Blue.
Tile #37 = F6 a 1 0 Color: Red.
Tile #38 = 2d 12 1 0 Color: Red.
Tile #39 = 64 19 1 0 Color: Red.
Tile #40 = 9B 20 1 0 Color: Red.
Tile #41 = D1 27 1 0 Color: Blue.
Tile #42 = 8 2f 1 0 Color: Blue.
Tile #43 = 40 36 1 0 Color: Red.
Tile #44 = 76 3d 1 0 Color: Blue.
Tile #45 = AE 44 1 0 Color: Red.
Tile #46 = E5 4b 1 0 Color: Red.
Tile #47 = 1b 53 1 0 Color: Blue.
Tile #48 = 52 5a 1 0 Color: Blue.
Tile #49 = 8A 61 1 0 Color: Red.
Tile #50 = C0 68 1 0 Color: Blue.
Tile #51 = F7 6f 1 0 Color: Blue.
Tile #52 = 2f 77 1 0 Color: Red.
Tile #53 = 66 7e 1 0 Color: Red.
Tile #54 = 9C 85 1 0 Color: Blue.
Tile #55 = D3 8C 1 0 Color: Blue.
Tile #56 = a 94 1 0 Color: Blue.
Tile #57 = 42 9B 1 0 Color: Red.
Tile #58 = 79 A2 1 0 Color: Red.
Tile #59 = AF A9 1 0 Color: Blue.
Tile #60 = E6 B0 1 0 Color: Blue.
Tile #61 = 1d B8 1 0 Color: Blue.
Tile #62 = 54 BF 1 0 Color: Blue.
Tile #63 = 8B C6 1 0 Color: Blue.
Tile #64 = C3 CD 1 0 Color: Red.
Tile #65 = F8 D4 1 0 Color: Green.
Tile #66 = 30 DC 1 0 Color: Blue.
