0006 = Game Number.
FFFFFFAA = Magic Number 1.(Int:-86)
05 = Magic Number 2.
02 = Green Count.
FFFFFFCC = Blue Count.
FFFFFFCC = Red Count.
Tile #1 = CC CC CC CC Color: Error.
Tile #2 = CC CC CC CC Color: Error.
Tile #3 = CC CC CC CC Color: Error.
Tile #4 = CC CC CC CC Color: Error.
Tile #5 = CC CC CC CC Color: Error.
Tile #6 = CC CC CC CC Color: Error.
Tile #7 = CC CC CC CC Color: Error.
Tile #8 = CC CC CC CC Color: Error.
Tile #9 = CC CC CC CC Color: Error.
Tile #10 = CC CC CC CC Color: Error.
Tile #11 = CC CC CC CC Color: Error.
Tile #12 = CC CC CC CC Color: Error.
Tile #13 = CC CC CC CC Color: Error.
Tile #14 = CC CC CC CC Color: Error.
Tile #15 = CC CC CC CC Color: Error.
Tile #16 = CC CC CC CC Color: Error.
Tile #17 = CC CC CC CC Color: Error.
Tile #18 = CC CC CC CC Color: Error.
Tile #19 = CC CC CC CC Color: Error.
Tile #20 = CC CC CC CC Color: Error.
Tile #21 = CC CC CC CC Color: Error.
Tile #22 = CC CC CC CC Color: Error.
Tile #23 = CC CC CC CC Color: Error.
Tile #24 = CC CC CC CC Color: Error.
Tile #25 = CC CC CC CC Color: Error.
Tile #26 = CC CC CC CC Color: Error.
Tile #27 = CC CC CC CC Color: Error.
Tile #28 = CC CC CC CC Color: Error.
Tile #29 = CC CC CC CC Color: Error.
Tile #30 = CC CC CC CC Color: Error.
Tile #31 = CC CC CC CC Color: Error.
Tile #32 = CC CC CC CC Color: Error.
Tile #33 = CC CC CC CC Color: Error.
Tile #34 = CC CC CC CC Color: Error.
Tile #35 = CC CC CC CC Color: Error.
Tile #36 = CC CC CC CC Color: Error.
Tile #37 = CC CC CC CC Color: Error.
Tile #38 = CC CC CC CC Color: Error.
Tile #39 = CC CC CC CC Color: Error.
Tile #40 = CC CC CC CC Color: Error.
Tile #41 = CC CC CC CC Color: Error.
Tile #42 = CC CC CC CC Color: Error.
Tile #43 = CC CC CC CC Color: Error.
Tile #44 = CC CC CC CC Color: Error.
Tile #45 = CC CC CC CC Color: Error.
Tile #46 = CC CC CC CC Color: Error.
Tile #47 = CC CC CC CC Color: Error.
Tile #48 = CC CC CC CC Color: Error.
Tile #49 = CC CC CC CC Color: Error.
Tile #50 = CC CC CC CC Color: Error.
Tile #51 = CC CC CC CC Color: Error.
Tile #52 = CC CC CC CC Color: Error.
Tile #53 = CC CC CC CC Color: Error.
Tile #54 = CC CC CC CC Color: Error.
Tile #55 = CC CC CC CC Color: Error.
Tile #56 = CC CC CC CC Color: Error.
Tile #57 = CC CC CC CC Color: Error.
Tile #58 = CC CC CC CC Color: Error.
Tile #59 = CC CC CC CC Color: Error.
Tile #60 = CC CC CC CC Color: Error.
Tile #61 = CC CC CC CC Color: Error.
Tile #62 = CC CC CC CC Color: Error.
Tile #63 = CC CC CC CC Color: Error.
Tile #64 = CC CC CC CC Color: Error.
Tile #65 = CC CC CC CC Color: Error.
Tile #66 = CC CC CC CC Color: Error.
