0007 = Game Number.
3D = Magic Number 1.(Int:61)
0A = Magic Number 2.
06 = Green Count.
20 = Blue Count.
1C = Red Count.
Tile #1 = 40 a 0 0 Color: Red.
Tile #2 = 7c 14 0 0 Color: Blue.
Tile #3 = B9 1e 0 0 Color: Blue.
Tile #4 = F6 28 0 0 Color: Blue.
Tile #5 = 33 33 0 0 Color: Blue.
Tile #6 = 71 3d 0 0 Color: Red.
Tile #7 = AE 47 0 0 Color: Red.
Tile #8 = EA 51 0 0 Color: Blue.
Tile #9 = 27 5c 0 0 Color: Blue.
Tile #10 = 64 66 0 0 Color: Blue.
Tile #11 = A2 70 0 0 Color: Red.
Tile #12 = DE 7a 0 0 Color: Blue.
Tile #13 = 1c 85 0 0 Color: Red.
Tile #14 = 58 8F 0 0 Color: Blue.
Tile #15 = 96 99 0 0 Color: Red.
Tile #16 = D2 A3 0 0 Color: Blue.
Tile #17 = f AE 0 0 Color: Blue.
Tile #18 = 4c B8 0 0 Color: Blue.
Tile #19 = 8A C2 0 0 Color: Red.
Tile #20 = C7 CC 0 0 Color: Red.
Tile #21 = 4 D7 0 0 Color: Red.
Tile #22 = 3f E1 0 0 Color: Green.
Tile #23 = 7d EB 0 0 Color: Blue.
Tile #24 = BB F5 0 0 Color: Red.
Tile #25 = F6 FF 0 0 Color: Green.
Tile #26 = 34 a 1 0 Color: Blue.
Tile #27 = 72 14 1 0 Color: Red.
Tile #28 = AE 1e 1 0 Color: Blue.
Tile #29 = EB 28 1 0 Color: Blue.
Tile #30 = 28 33 1 0 Color: Blue.
Tile #31 = 65 3d 1 0 Color: Blue.
Tile #32 = A2 47 1 0 Color: Blue.
Tile #33 = DF 51 1 0 Color: Blue.
Tile #34 = 1d 5c 1 0 Color: Red.
Tile #35 = 5a 66 1 0 Color: Red.
Tile #36 = 97 70 1 0 Color: Red.
Tile #37 = D3 7a 1 0 Color: Blue.
Tile #38 = 10 85 1 0 Color: Blue.
Tile #39 = 4e 8F 1 0 Color: Red.
Tile #40 = 89 99 1 0 Color: Green.
Tile #41 = C7 A3 1 0 Color: Blue.
Tile #42 = 5 AE 1 0 Color: Red.
Tile #43 = 42 B8 1 0 Color: Red.
Tile #44 = 7f C2 1 0 Color: Red.
Tile #45 = BB CC 1 0 Color: Blue.
Tile #46 = F8 D6 1 0 Color: Blue.
Tile #47 = 36 E1 1 0 Color: Red.
Tile #48 = 72 EB 1 0 Color: Blue.
Tile #49 = B0 F5 1 0 Color: Red.
Tile #50 = EC FF 1 0 Color: Blue.
Tile #51 = 28 a 2 0 Color: Green.
Tile #52 = 67 14 2 0 Color: Red.
Tile #53 = A4 1e 2 0 Color: Red.
Tile #54 = E1 28 2 0 Color: Red.
Tile #55 = 1e 33 2 0 Color: Red.
Tile #56 = 5b 3d 2 0 Color: Red.
Tile #57 = 97 47 2 0 Color: Blue.
Tile #58 = D5 51 2 0 Color: Red.
Tile #59 = 11 5c 2 0 Color: Blue.
Tile #60 = 4e 66 2 0 Color: Blue.
Tile #61 = 8C 70 2 0 Color: Red.
Tile #62 = C7 7a 2 0 Color: Green.
Tile #63 = 6 85 2 0 Color: Red.
Tile #64 = 42 8F 2 0 Color: Blue.
Tile #65 = 7e 99 2 0 Color: Green.
Tile #66 = BC A3 2 0 Color: Blue.
