0009 = Game Number.
FFFFFFA6 = Magic Number 1.(Int:-90)
09 = Magic Number 2.
05 = Green Count.
20 = Blue Count.
1D = Red Count.
Tile #1 = A8 9 0 0 Color: Error.
Tile #2 = 4e 13 0 0 Color: Error.
Tile #3 = F4 1c 0 0 Color: Error.
Tile #4 = 9B 26 0 0 Color: Error.
Tile #5 = 41 30 0 0 Color: Error.
Tile #6 = E6 39 0 0 Color: Error.
Tile #7 = 8C 43 0 0 Color: Error.
Tile #8 = 32 4d 0 0 Color: Error.
Tile #9 = D7 56 0 0 Color: Error.
Tile #10 = 7f 60 0 0 Color: Error.
Tile #11 = 25 6a 0 0 Color: Error.
Tile #12 = CA 73 0 0 Color: Error.
Tile #13 = 71 7d 0 0 Color: Error.
Tile #14 = 17 87 0 0 Color: Error.
Tile #15 = BD 90 0 0 Color: Error.
Tile #16 = 63 9A 0 0 Color: Error.
Tile #17 = 9 A4 0 0 Color: Error.
Tile #18 = AE AD 0 0 Color: Error.
Tile #19 = 54 B7 0 0 Color: Error.
Tile #20 = FA C0 0 0 Color: Error.
Tile #21 = A1 CA 0 0 Color: Error.
Tile #22 = 46 D4 0 0 Color: Error.
Tile #23 = EC DD 0 0 Color: Error.
Tile #24 = 93 E7 0 0 Color: Error.
Tile #25 = 39 F1 0 0 Color: Error.
Tile #26 = DD FA 0 0 Color: Error.
Tile #27 = 84 4 1 0 Color: Error.
Tile #28 = 2a e 1 0 Color: Error.
Tile #29 = D0 17 1 0 Color: Error.
Tile #30 = 76 21 1 0 Color: Error.
Tile #31 = 1c 2b 1 0 Color: Error.
Tile #32 = C3 34 1 0 Color: Error.
Tile #33 = 69 3e 1 0 Color: Error.
Tile #34 = f 48 1 0 Color: Error.
Tile #35 = B4 51 1 0 Color: Error.
Tile #36 = 5a 5b 1 0 Color: Error.
Tile #37 = FF 64 1 0 Color: Error.
Tile #38 = A5 6e 1 0 Color: Error.
Tile #39 = 4d 78 1 0 Color: Error.
Tile #40 = F2 81 1 0 Color: Error.
Tile #41 = 99 8B 1 0 Color: Error.
Tile #42 = 3f 95 1 0 Color: Error.
Tile #43 = E4 9E 1 0 Color: Error.
Tile #44 = 8B A8 1 0 Color: Error.
Tile #45 = 31 B2 1 0 Color: Error.
Tile #46 = D6 BB 1 0 Color: Error.
Tile #47 = 7c C5 1 0 Color: Error.
Tile #48 = 23 CF 1 0 Color: Error.
Tile #49 = C9 D8 1 0 Color: Error.
Tile #50 = 6f E2 1 0 Color: Error.
Tile #51 = 15 EC 1 0 Color: Error.
Tile #52 = BA F5 1 0 Color: Error.
Tile #53 = 61 FF 1 0 Color: Error.
Tile #54 = 6 9 2 0 Color: Error.
Tile #55 = AC 12 2 0 Color: Error.
Tile #56 = 52 1c 2 0 Color: Error.
Tile #57 = F8 25 2 0 Color: Error.
Tile #58 = 9F 2f 2 0 Color: Error.
Tile #59 = 45 39 2 0 Color: Error.
Tile #60 = EA 42 2 0 Color: Error.
Tile #61 = 90 4c 2 0 Color: Error.
Tile #62 = 36 56 2 0 Color: Error.
Tile #63 = DD 5f 2 0 Color: Error.
Tile #64 = 83 69 2 0 Color: Error.
Tile #65 = 28 73 2 0 Color: Error.
Tile #66 = CD 7c 2 0 Color: Error.
